\BOOKMARK [0][-]{chapter.1}{\376\377\000I\000n\000t\000r\000o\000d\000u\000c\000t\000i\000o\000n}{}% 1
\BOOKMARK [0][-]{chapter.2}{\376\377\000V\000i\000r\000t\000u\000a\000l\000i\000z\000a\000t\000i\000o\000n}{}% 2
\BOOKMARK [1][-]{section.2.1}{\376\377\000V\000i\000r\000t\000u\000a\000l\000i\000z\000a\000t\000i\000o\000n\000\040\000b\000a\000s\000i\000c\000s}{chapter.2}% 3
\BOOKMARK [1][-]{section.2.2}{\376\377\000A\000d\000v\000a\000n\000t\000a\000g\000e\000s\000\040\000o\000f\000\040\000v\000i\000r\000t\000u\000a\000l\000i\000z\000a\000t\000i\000o\000n}{chapter.2}% 4
\BOOKMARK [1][-]{section.2.3}{\376\377\000D\000i\000s\000a\000d\000v\000a\000n\000t\000a\000g\000e\000s\000\040\000o\000f\000\040\000v\000i\000r\000t\000u\000a\000l\000i\000z\000a\000t\000i\000o\000n}{chapter.2}% 5
\BOOKMARK [1][-]{section.2.4}{\376\377\000V\000i\000r\000t\000u\000a\000l\000i\000z\000a\000t\000i\000o\000n\000\040\000a\000r\000c\000h\000i\000t\000e\000c\000t\000u\000r\000e\000s}{chapter.2}% 6
\BOOKMARK [2][-]{subsection.2.4.1}{\376\377\000F\000u\000l\000l\000\040\000v\000i\000r\000t\000u\000a\000l\000i\000z\000a\000t\000i\000o\000n}{section.2.4}% 7
\BOOKMARK [2][-]{subsection.2.4.2}{\376\377\000P\000a\000r\000a\000v\000i\000r\000t\000u\000a\000l\000i\000z\000a\000t\000i\000o\000n}{section.2.4}% 8
\BOOKMARK [2][-]{subsection.2.4.3}{\376\377\000O\000p\000e\000r\000a\000t\000i\000n\000g\000\040\000s\000y\000s\000t\000e\000m\000\040\000v\000i\000r\000t\000u\000a\000l\000i\000z\000a\000t\000i\000o\000n}{section.2.4}% 9
\BOOKMARK [2][-]{subsection.2.4.4}{\376\377\000O\000t\000h\000e\000r\000\040\000t\000y\000p\000e\000s\000\040\000o\000f\000\040\000v\000i\000r\000t\000u\000a\000l\000i\000z\000a\000t\000i\000o\000n}{section.2.4}% 10
\BOOKMARK [0][-]{chapter.3}{\376\377\000V\000i\000r\000t\000u\000a\000l\000i\000z\000a\000t\000i\000o\000n\000\040\000s\000o\000f\000t\000w\000a\000r\000e}{}% 11
\BOOKMARK [1][-]{section.3.1}{\376\377\000X\000e\000n\000\040\000P\000r\000o\000j\000e\000c\000t\000\040\000x\000e\000n\000p\000r\000o\000j\000e\000c\000t}{chapter.3}% 12
\BOOKMARK [1][-]{section.3.2}{\376\377\000K\000V\000M\000\040\000k\000v\000m}{chapter.3}% 13
\BOOKMARK [1][-]{section.3.3}{\376\377\000V\000i\000r\000t\000u\000a\000l\000B\000o\000x\000\040\000v\000i\000r\000t\000u\000a\000l\000b\000o\000x}{chapter.3}% 14
\BOOKMARK [1][-]{section.3.4}{\376\377\000U\000M\000L\000\040\000u\000s\000e\000r\000m\000o\000d\000e\000l\000i\000n\000u\000x}{chapter.3}% 15
\BOOKMARK [1][-]{section.3.5}{\376\377\000D\000o\000c\000k\000e\000r\000\040\000C\000o\000n\000t\000a\000i\000n\000e\000r\000\040\000d\000o\000c\000k\000e\000r}{chapter.3}% 16
\BOOKMARK [1][-]{section.3.6}{\376\377\000W\000i\000n\000e\000\040\000w\000i\000n\000e}{chapter.3}% 17
\BOOKMARK [0][-]{chapter.4}{\376\377\000P\000r\000o\000d\000u\000c\000t\000s\000\040\000f\000o\000r\000\040\000v\000i\000r\000t\000u\000a\000l\000i\000z\000a\000t\000i\000o\000n}{}% 18
\BOOKMARK [1][-]{section.4.1}{\376\377\000V\000M\000w\000a\000r\000e\000\040\000w\000m\000v\000a\000r\000e}{chapter.4}% 19
\BOOKMARK [2][-]{subsection.4.1.1}{\376\377\000V\000M\000w\000a\000r\000e\000\040\000W\000o\000r\000k\000s\000t\000a\000t\000i\000o\000n}{section.4.1}% 20
\BOOKMARK [2][-]{subsection.4.1.2}{\376\377\000W\000o\000r\000k\000s\000t\000a\000t\000i\000o\000n\000\040\000P\000l\000a\000y\000e\000r}{section.4.1}% 21
\BOOKMARK [2][-]{subsection.4.1.3}{\376\377\000V\000M\000w\000a\000r\000e\000\040\000v\000S\000p\000h\000e\000r\000e}{section.4.1}% 22
\BOOKMARK [2][-]{subsection.4.1.4}{\376\377\000V\000M\000w\000a\000r\000e\000\040\000T\000h\000i\000n\000A\000p\000p}{section.4.1}% 23
\BOOKMARK [1][-]{section.4.2}{\376\377\000C\000i\000t\000r\000i\000x\000\040\000c\000i\000t\000r\000i\000x}{chapter.4}% 24
\BOOKMARK [2][-]{subsection.4.2.1}{\376\377\000X\000e\000n\000S\000e\000r\000v\000e\000r}{section.4.2}% 25
\BOOKMARK [2][-]{subsection.4.2.2}{\376\377\000X\000e\000n\000D\000e\000s\000k\000t\000o\000p}{section.4.2}% 26
\BOOKMARK [2][-]{subsection.4.2.3}{\376\377\000X\000e\000n\000A\000p\000p}{section.4.2}% 27
\BOOKMARK [1][-]{section.4.3}{\376\377\000O\000r\000a\000c\000l\000e\000\040\000o\000r\000a\000c\000l\000e}{chapter.4}% 28
\BOOKMARK [2][-]{subsection.4.3.1}{\376\377\000O\000r\000a\000c\000l\000e\000\040\000V\000M}{section.4.3}% 29
\BOOKMARK [1][-]{section.4.4}{\376\377\000M\000i\000c\000r\000o\000s\000o\000f\000t\000\040\000m\000i\000c\000r\000o\000s\000o\000f\000t}{chapter.4}% 30
\BOOKMARK [2][-]{subsection.4.4.1}{\376\377\000H\000y\000p\000e\000r\000-\000V}{section.4.4}% 31
\BOOKMARK [1][-]{section.4.5}{\376\377\000R\000e\000d\000\040\000H\000a\000t\000\040\000r\000e\000d\000h\000a\000t}{chapter.4}% 32
\BOOKMARK [2][-]{subsection.4.5.1}{\376\377\000R\000e\000d\000\040\000H\000a\000t\000\040\000E\000n\000t\000e\000r\000p\000r\000i\000s\000e\000\040\000V\000i\000r\000t\000u\000a\000l\000i\000z\000a\000t\000i\000o\000n\000\040\000r\000h\000e\000v}{section.4.5}% 33
\BOOKMARK [2][-]{subsection.4.5.2}{\376\377\000o\000V\000i\000r\000t\000\040\000o\000v\000i\000r\000t}{section.4.5}% 34
\BOOKMARK [0][-]{chapter.5}{\376\377\000P\000r\000o\000b\000l\000e\000m\000\040\000a\000n\000d\000\040\000p\000r\000o\000p\000o\000s\000e\000d\000\040\000s\000o\000l\000u\000t\000i\000o\000n}{}% 35
\BOOKMARK [1][-]{section.5.1}{\376\377\000D\000i\000s\000a\000d\000v\000a\000n\000t\000a\000g\000e\000s\000\040\000o\000f\000\040\000W\000e\000b\000\040\000A\000d\000m\000i\000n}{chapter.5}% 36
\BOOKMARK [1][-]{section.5.2}{\376\377\000P\000r\000o\000p\000o\000s\000e\000d\000\040\000s\000o\000l\000u\000t\000i\000o\000n}{chapter.5}% 37
\BOOKMARK [0][-]{chapter.6}{\376\377\000I\000m\000p\000l\000e\000m\000e\000n\000t\000a\000t\000i\000o\000n}{}% 38
\BOOKMARK [1][-]{section.6.1}{\376\377\000B\000a\000c\000k\000-\000e\000n\000d}{chapter.6}% 39
\BOOKMARK [2][-]{subsection.6.1.1}{\376\377\000S\000u\000p\000p\000o\000r\000t\000e\000d\000\040\000f\000e\000a\000t\000u\000r\000e\000s\000\040\000a\000n\000d\000\040\000f\000u\000n\000c\000t\000i\000o\000n\000a\000l\000i\000t\000y}{section.6.1}% 40
\BOOKMARK [1][-]{section.6.2}{\376\377\000F\000r\000o\000n\000t\000-\000e\000n\000d}{chapter.6}% 41
\BOOKMARK [0][-]{chapter.7}{\376\377\000E\000v\000a\000l\000u\000a\000t\000i\000o\000n}{}% 42
\BOOKMARK [0][-]{chapter.8}{\376\377\000C\000o\000n\000c\000l\000u\000s\000i\000o\000n}{}% 43
\BOOKMARK [0][-]{chapter*.18}{\376\377\000B\000i\000b\000l\000i\000o\000g\000r\000a\000p\000h\000y}{}% 44
\BOOKMARK [0][-]{appendix.A}{\376\377\000B\000u\000i\000l\000d\000i\000n\000g\000\040\000a\000n\000d\000\040\000u\000s\000a\000g\000e}{}% 45
\BOOKMARK [1][-]{section.A.1}{\376\377\000I\000n\000t\000r\000o\000d\000u\000c\000t\000i\000o\000n}{appendix.A}% 46
\BOOKMARK [1][-]{section.A.2}{\376\377\000B\000u\000i\000l\000d\000i\000n\000g}{appendix.A}% 47
\BOOKMARK [1][-]{section.A.3}{\376\377\000U\000s\000a\000g\000e}{appendix.A}% 48
\BOOKMARK [2][-]{subsection.A.3.1}{\376\377\000L\000o\000g\000g\000i\000n\000g\000\040\000i\000n}{section.A.3}% 49
\BOOKMARK [2][-]{subsection.A.3.2}{\376\377\000H\000i\000d\000e\000/\000s\000h\000o\000w\000\040\000c\000o\000l\000u\000m\000n\000s}{section.A.3}% 50
\BOOKMARK [2][-]{subsection.A.3.3}{\376\377\000R\000e\000f\000r\000e\000s\000h}{section.A.3}% 51
\BOOKMARK [2][-]{subsection.A.3.4}{\376\377\000F\000i\000l\000t\000e\000r}{section.A.3}% 52
\BOOKMARK [2][-]{subsection.A.3.5}{\376\377\000O\000r\000d\000e\000r\000i\000n\000g}{section.A.3}% 53
\BOOKMARK [2][-]{subsection.A.3.6}{\376\377\000R\000e\000d\000i\000r\000e\000c\000t\000i\000n\000g}{section.A.3}% 54
\BOOKMARK [2][-]{subsection.A.3.7}{\376\377\000E\000x\000p\000o\000r\000t\000\040\000t\000o\000\040\000.\000c\000s\000v}{section.A.3}% 55
\BOOKMARK [2][-]{subsection.A.3.8}{\376\377\000S\000a\000v\000e}{section.A.3}% 56
